#! /usr/bin/vvp
:ivl_version "10.3 (stable)" "(v10_3)";
:ivl_delay_selection "TYPICAL";
:vpi_time_precision - 10;
:vpi_module "system";
:vpi_module "vhdl_sys";
:vpi_module "v2005_math";
:vpi_module "va_math";
S_0x563fcf3f7410 .scope module, "struct_tb" "struct_tb" 2 4;
 .timescale -9 -10;
v0x563fcf40e2a0_0 .var "A", 0 0;
v0x563fcf40e390_0 .var "B", 0 0;
v0x563fcf40e480_0 .net "OUT", 0 0, L_0x563fcf40e660;  1 drivers
v0x563fcf40e570_0 .var "clk", 0 0;
S_0x563fcf3f7590 .scope module, "uut" "struct" 2 8, 3 1 0, S_0x563fcf3f7410;
 .timescale -9 -10;
    .port_info 0 /OUTPUT 1 "OUT"
    .port_info 1 /INPUT 1 "A"
    .port_info 2 /INPUT 1 "B"
    .port_info 3 /INPUT 1 "clk"
v0x563fcf40dc70_0 .net "A", 0 0, v0x563fcf40e2a0_0;  1 drivers
v0x563fcf40dd30_0 .net "B", 0 0, v0x563fcf40e390_0;  1 drivers
v0x563fcf40de00_0 .net "OUT", 0 0, L_0x563fcf40e660;  alias, 1 drivers
v0x563fcf40df00_0 .net "clk", 0 0, v0x563fcf40e570_0;  1 drivers
o0x7f03d05020a8 .functor BUFZ 1, C4<z>; HiZ drive
v0x563fcf40dfd0_0 .net "cout", 0 0, o0x7f03d05020a8;  0 drivers
v0x563fcf40e110_0 .net "qt", 0 0, L_0x563fcf40e970;  1 drivers
o0x7f03d05022b8 .functor BUFZ 1, C4<z>; HiZ drive
v0x563fcf40e200_0 .net "qt_bar", 0 0, o0x7f03d05022b8;  0 drivers
S_0x563fcf3bf100 .scope module, "C1" "FullAdder" 3 6, 3 11 0, S_0x563fcf3f7590;
 .timescale -9 -10;
    .port_info 0 /OUTPUT 1 "SUM"
    .port_info 1 /OUTPUT 1 "C_OUT"
    .port_info 2 /INPUT 1 "A"
    .port_info 3 /INPUT 1 "B"
    .port_info 4 /INPUT 1 "C_IN"
L_0x563fcf40e660 .functor XOR 1, v0x563fcf40e2a0_0, v0x563fcf40e390_0, C4<0>, C4<0>;
L_0x563fcf40e6d0 .functor AND 1, v0x563fcf40e2a0_0, v0x563fcf40e390_0, C4<1>, C4<1>;
RS_0x7f03d0502138 .resolv tri, L_0x563fcf40e6d0, L_0x563fcf40e870;
L_0x563fcf40e760 .functor AND 1, RS_0x7f03d0502138, L_0x563fcf40e970, C4<1>, C4<1>;
L_0x563fcf40e7d0 .functor AND 1, RS_0x7f03d0502138, v0x563fcf40e2a0_0, C4<1>, C4<1>;
L_0x563fcf40e870 .functor OR 1, RS_0x7f03d0502138, L_0x563fcf40e7d0, C4<0>, C4<0>;
v0x563fcf3bf350_0 .net "A", 0 0, v0x563fcf40e2a0_0;  alias, 1 drivers
v0x563fcf40d060_0 .net "B", 0 0, v0x563fcf40e390_0;  alias, 1 drivers
v0x563fcf40d120_0 .net "C_IN", 0 0, L_0x563fcf40e970;  alias, 1 drivers
v0x563fcf40d1c0_0 .net "C_OUT", 0 0, o0x7f03d05020a8;  alias, 0 drivers
v0x563fcf40d280_0 .net "SUM", 0 0, L_0x563fcf40e660;  alias, 1 drivers
v0x563fcf40d390_0 .net "w1", 0 0, L_0x563fcf40e760;  1 drivers
v0x563fcf40d450_0 .net8 "w2", 0 0, RS_0x7f03d0502138;  2 drivers
v0x563fcf40d510_0 .net "w3", 0 0, L_0x563fcf40e7d0;  1 drivers
S_0x563fcf40d670 .scope module, "C2" "d_ff" 3 7, 3 24 0, S_0x563fcf3f7590;
 .timescale -9 -10;
    .port_info 0 /OUTPUT 1 "qt"
    .port_info 1 /OUTPUT 1 "qt_bar"
    .port_info 2 /INPUT 1 "d"
    .port_info 3 /INPUT 1 "clk"
L_0x563fcf40e970 .functor NOT 1, o0x7f03d05020a8, C4<0>, C4<0>, C4<0>;
v0x563fcf40d8d0_0 .net "clk", 0 0, v0x563fcf40e570_0;  alias, 1 drivers
v0x563fcf40d990_0 .net "d", 0 0, o0x7f03d05020a8;  alias, 0 drivers
v0x563fcf40da80_0 .net "qt", 0 0, L_0x563fcf40e970;  alias, 1 drivers
v0x563fcf40db80_0 .net "qt_bar", 0 0, o0x7f03d05022b8;  alias, 0 drivers
    .scope S_0x563fcf3f7410;
T_0 ;
    %pushi/vec4 0, 0, 1;
    %store/vec4 v0x563fcf40e570_0, 0, 1;
    %end;
    .thread T_0;
    .scope S_0x563fcf3f7410;
T_1 ;
    %vpi_call 2 19 "$dumpfile", "dump.vcd" {0 0 0};
    %vpi_call 2 20 "$dumpvars", 32'sb00000000000000000000000000000000, S_0x563fcf3f7410 {0 0 0};
    %pushi/vec4 0, 0, 1;
    %store/vec4 v0x563fcf40e2a0_0, 0, 1;
    %pushi/vec4 0, 0, 1;
    %store/vec4 v0x563fcf40e390_0, 0, 1;
    %delay 100, 0;
    %pushi/vec4 1, 0, 1;
    %store/vec4 v0x563fcf40e2a0_0, 0, 1;
    %pushi/vec4 0, 0, 1;
    %store/vec4 v0x563fcf40e390_0, 0, 1;
    %delay 100, 0;
    %pushi/vec4 0, 0, 1;
    %store/vec4 v0x563fcf40e2a0_0, 0, 1;
    %pushi/vec4 1, 0, 1;
    %store/vec4 v0x563fcf40e390_0, 0, 1;
    %delay 100, 0;
    %pushi/vec4 1, 0, 1;
    %store/vec4 v0x563fcf40e2a0_0, 0, 1;
    %pushi/vec4 1, 0, 1;
    %store/vec4 v0x563fcf40e390_0, 0, 1;
    %delay 100, 0;
    %pushi/vec4 1, 0, 1;
    %store/vec4 v0x563fcf40e2a0_0, 0, 1;
    %pushi/vec4 0, 0, 1;
    %store/vec4 v0x563fcf40e390_0, 0, 1;
    %delay 100, 0;
    %pushi/vec4 1, 0, 1;
    %store/vec4 v0x563fcf40e2a0_0, 0, 1;
    %pushi/vec4 1, 0, 1;
    %store/vec4 v0x563fcf40e390_0, 0, 1;
    %delay 100, 0;
    %pushi/vec4 0, 0, 1;
    %store/vec4 v0x563fcf40e2a0_0, 0, 1;
    %pushi/vec4 0, 0, 1;
    %store/vec4 v0x563fcf40e390_0, 0, 1;
    %delay 100, 0;
    %pushi/vec4 1, 0, 1;
    %store/vec4 v0x563fcf40e2a0_0, 0, 1;
    %pushi/vec4 0, 0, 1;
    %store/vec4 v0x563fcf40e390_0, 0, 1;
    %delay 100, 0;
    %pushi/vec4 0, 0, 1;
    %store/vec4 v0x563fcf40e2a0_0, 0, 1;
    %pushi/vec4 0, 0, 1;
    %store/vec4 v0x563fcf40e390_0, 0, 1;
    %delay 100, 0;
    %end;
    .thread T_1;
    .scope S_0x563fcf3f7410;
T_2 ;
    %delay 50, 0;
    %load/vec4 v0x563fcf40e570_0;
    %nor/r;
    %store/vec4 v0x563fcf40e570_0, 0, 1;
    %jmp T_2;
    .thread T_2;
    .scope S_0x563fcf3f7410;
T_3 ;
    %delay 1000, 0;
    %vpi_call 2 64 "$finish" {0 0 0};
    %end;
    .thread T_3;
# The file index is used to find the file name in the following table.
:file_names 4;
    "N/A";
    "<interactive>";
    "struct_tb.v";
    "./struct.v";
