Analysis & Synthesis report for top_level
Sun Mar  7 12:15:06 2021
Quartus Prime Version 16.0.0 Build 211 04/27/2016 SJ Lite Edition


---------------------
; Table of Contents ;
---------------------
  1. Legal Notice
  2. Analysis & Synthesis Summary
  3. Analysis & Synthesis Settings
  4. Parallel Compilation
  5. Analysis & Synthesis Source Files read
  6. Analysis & Synthesis Resource Usage Summary
  7. Analysis & Synthesis Resource Utilization by Entity
  8. General Register Statistics
  9. Multiplexer Restructuring Statistics (Restructuring Performed)
 10. Post-Synthesis Netlist Statistics for Top Partition
 11. Elapsed Time Per Partition
 12. Analysis & Synthesis Messages



----------------
; Legal Notice ;
----------------
Copyright (C) 1991-2016 Altera Corporation. All rights reserved.
Your use of Altera Corporation's design tools, logic functions 
and other software and tools, and its AMPP partner logic 
functions, and any output files from any of the foregoing 
(including device programming or simulation files), and any 
associated documentation or information are expressly subject 
to the terms and conditions of the Altera Program License 
Subscription Agreement, the Altera Quartus Prime License Agreement,
the Altera MegaCore Function License Agreement, or other 
applicable license agreement, including, without limitation, 
that your use is for the sole purpose of programming logic 
devices manufactured by Altera and sold by Altera or its 
authorized distributors.  Please refer to the applicable 
agreement for further details.



+----------------------------------------------------------------------------------+
; Analysis & Synthesis Summary                                                     ;
+------------------------------------+---------------------------------------------+
; Analysis & Synthesis Status        ; Successful - Sun Mar  7 12:15:06 2021       ;
; Quartus Prime Version              ; 16.0.0 Build 211 04/27/2016 SJ Lite Edition ;
; Revision Name                      ; top_level                                   ;
; Top-level Entity Name              ; top_level                                   ;
; Family                             ; Cyclone IV GX                               ;
; Total logic elements               ; 0                                           ;
;     Total combinational functions  ; 0                                           ;
;     Dedicated logic registers      ; 0                                           ;
; Total registers                    ; 0                                           ;
; Total pins                         ; 6                                           ;
; Total virtual pins                 ; 0                                           ;
; Total memory bits                  ; 0                                           ;
; Embedded Multiplier 9-bit elements ; 0                                           ;
; Total GXB Receiver Channel PCS     ; 0                                           ;
; Total GXB Receiver Channel PMA     ; 0                                           ;
; Total GXB Transmitter Channel PCS  ; 0                                           ;
; Total GXB Transmitter Channel PMA  ; 0                                           ;
; Total PLLs                         ; 0                                           ;
+------------------------------------+---------------------------------------------+


+----------------------------------------------------------------------------------------------------------------------+
; Analysis & Synthesis Settings                                                                                        ;
+----------------------------------------------------------------------------+--------------------+--------------------+
; Option                                                                     ; Setting            ; Default Value      ;
+----------------------------------------------------------------------------+--------------------+--------------------+
; Top-level entity name                                                      ; top_level          ; top_level          ;
; Family name                                                                ; Cyclone IV GX      ; Cyclone V          ;
; Use smart compilation                                                      ; Off                ; Off                ;
; Enable parallel Assembler and TimeQuest Timing Analyzer during compilation ; On                 ; On                 ;
; Enable compact report table                                                ; Off                ; Off                ;
; Restructure Multiplexers                                                   ; Auto               ; Auto               ;
; Create Debugging Nodes for IP Cores                                        ; Off                ; Off                ;
; Preserve fewer node names                                                  ; On                 ; On                 ;
; Disable OpenCore Plus hardware evaluation                                  ; Off                ; Off                ;
; Verilog Version                                                            ; Verilog_2001       ; Verilog_2001       ;
; VHDL Version                                                               ; VHDL_1993          ; VHDL_1993          ;
; State Machine Processing                                                   ; Auto               ; Auto               ;
; Safe State Machine                                                         ; Off                ; Off                ;
; Extract Verilog State Machines                                             ; On                 ; On                 ;
; Extract VHDL State Machines                                                ; On                 ; On                 ;
; Ignore Verilog initial constructs                                          ; Off                ; Off                ;
; Iteration limit for constant Verilog loops                                 ; 5000               ; 5000               ;
; Iteration limit for non-constant Verilog loops                             ; 250                ; 250                ;
; Add Pass-Through Logic to Inferred RAMs                                    ; On                 ; On                 ;
; Infer RAMs from Raw Logic                                                  ; On                 ; On                 ;
; Parallel Synthesis                                                         ; On                 ; On                 ;
; DSP Block Balancing                                                        ; Auto               ; Auto               ;
; NOT Gate Push-Back                                                         ; On                 ; On                 ;
; Power-Up Don't Care                                                        ; On                 ; On                 ;
; Remove Redundant Logic Cells                                               ; Off                ; Off                ;
; Remove Duplicate Registers                                                 ; On                 ; On                 ;
; Ignore CARRY Buffers                                                       ; Off                ; Off                ;
; Ignore CASCADE Buffers                                                     ; Off                ; Off                ;
; Ignore GLOBAL Buffers                                                      ; Off                ; Off                ;
; Ignore ROW GLOBAL Buffers                                                  ; Off                ; Off                ;
; Ignore LCELL Buffers                                                       ; Off                ; Off                ;
; Ignore SOFT Buffers                                                        ; On                 ; On                 ;
; Limit AHDL Integers to 32 Bits                                             ; Off                ; Off                ;
; Optimization Technique                                                     ; Balanced           ; Balanced           ;
; Carry Chain Length                                                         ; 70                 ; 70                 ;
; Auto Carry Chains                                                          ; On                 ; On                 ;
; Auto Open-Drain Pins                                                       ; On                 ; On                 ;
; Perform WYSIWYG Primitive Resynthesis                                      ; Off                ; Off                ;
; Auto ROM Replacement                                                       ; On                 ; On                 ;
; Auto RAM Replacement                                                       ; On                 ; On                 ;
; Auto DSP Block Replacement                                                 ; On                 ; On                 ;
; Auto Shift Register Replacement                                            ; Auto               ; Auto               ;
; Allow Shift Register Merging across Hierarchies                            ; Auto               ; Auto               ;
; Auto Clock Enable Replacement                                              ; On                 ; On                 ;
; Strict RAM Replacement                                                     ; Off                ; Off                ;
; Allow Synchronous Control Signals                                          ; On                 ; On                 ;
; Force Use of Synchronous Clear Signals                                     ; Off                ; Off                ;
; Auto RAM Block Balancing                                                   ; On                 ; On                 ;
; Auto RAM to Logic Cell Conversion                                          ; Off                ; Off                ;
; Auto Resource Sharing                                                      ; Off                ; Off                ;
; Allow Any RAM Size For Recognition                                         ; Off                ; Off                ;
; Allow Any ROM Size For Recognition                                         ; Off                ; Off                ;
; Allow Any Shift Register Size For Recognition                              ; Off                ; Off                ;
; Use LogicLock Constraints during Resource Balancing                        ; On                 ; On                 ;
; Ignore translate_off and synthesis_off directives                          ; Off                ; Off                ;
; Timing-Driven Synthesis                                                    ; On                 ; On                 ;
; Report Parameter Settings                                                  ; On                 ; On                 ;
; Report Source Assignments                                                  ; On                 ; On                 ;
; Report Connectivity Checks                                                 ; On                 ; On                 ;
; Ignore Maximum Fan-Out Assignments                                         ; Off                ; Off                ;
; Synchronization Register Chain Length                                      ; 2                  ; 2                  ;
; PowerPlay Power Optimization During Synthesis                              ; Normal compilation ; Normal compilation ;
; HDL message level                                                          ; Level2             ; Level2             ;
; Suppress Register Optimization Related Messages                            ; Off                ; Off                ;
; Number of Removed Registers Reported in Synthesis Report                   ; 5000               ; 5000               ;
; Number of Swept Nodes Reported in Synthesis Report                         ; 5000               ; 5000               ;
; Number of Inverted Registers Reported in Synthesis Report                  ; 100                ; 100                ;
; Clock MUX Protection                                                       ; On                 ; On                 ;
; Auto Gated Clock Conversion                                                ; Off                ; Off                ;
; Block Design Naming                                                        ; Auto               ; Auto               ;
; SDC constraint protection                                                  ; Off                ; Off                ;
; Synthesis Effort                                                           ; Auto               ; Auto               ;
; Shift Register Replacement - Allow Asynchronous Clear Signal               ; On                 ; On                 ;
; Pre-Mapping Resynthesis Optimization                                       ; Off                ; Off                ;
; Analysis & Synthesis Message Level                                         ; Medium             ; Medium             ;
; Disable Register Merging Across Hierarchies                                ; Auto               ; Auto               ;
; Resource Aware Inference For Block RAM                                     ; On                 ; On                 ;
; Synthesis Seed                                                             ; 1                  ; 1                  ;
+----------------------------------------------------------------------------+--------------------+--------------------+


Parallel compilation was disabled, but you have multiple processors available. Enable parallel compilation to reduce compilation time.
+-------------------------------------+
; Parallel Compilation                ;
+----------------------------+--------+
; Processors                 ; Number ;
+----------------------------+--------+
; Number detected on machine ; 48     ;
; Maximum allowed            ; 1      ;
+----------------------------+--------+


+------------------------------------------------------------------------------------------------------------------------------------------------------+
; Analysis & Synthesis Source Files read                                                                                                               ;
+----------------------------------+-----------------+-----------------+---------------------------------------------------------------------+---------+
; File Name with User-Entered Path ; Used in Netlist ; File Type       ; File Name with Absolute Path                                        ; Library ;
+----------------------------------+-----------------+-----------------+---------------------------------------------------------------------+---------+
; clock_divider.vhd                ; yes             ; User VHDL File  ; /home/student/asb0034/cpe526/homework3/quartus/clock_divider.vhd    ;         ;
; stop_light_logic.vhd             ; yes             ; User VHDL File  ; /home/student/asb0034/cpe526/homework3/quartus/stop_light_logic.vhd ;         ;
; top_level.vhd                    ; yes             ; User VHDL File  ; /home/student/asb0034/cpe526/homework3/quartus/top_level.vhd        ;         ;
+----------------------------------+-----------------+-----------------+---------------------------------------------------------------------+---------+


+---------------------------------------------+
; Analysis & Synthesis Resource Usage Summary ;
+--------------------------+------------------+
; Resource                 ; Usage            ;
+--------------------------+------------------+
; I/O pins                 ; 6                ;
;                          ;                  ;
; DSP block 9-bit elements ; 0                ;
;                          ;                  ;
; Maximum fan-out node     ; clock            ;
; Maximum fan-out          ; 1                ;
; Total fan-out            ; 6                ;
; Average fan-out          ; 0.50             ;
+--------------------------+------------------+


+-------------------------------------------------------------------------------------------------------------------------------------------------------------------------------------------------------+
; Analysis & Synthesis Resource Utilization by Entity                                                                                                                                                   ;
+----------------------------+-------------------+--------------+-------------+--------------+---------+-----------+-----------+------+--------------+---------------------+-------------+--------------+
; Compilation Hierarchy Node ; LC Combinationals ; LC Registers ; Memory Bits ; DSP Elements ; DSP 9x9 ; DSP 18x18 ; DSP 36x36 ; Pins ; Virtual Pins ; Full Hierarchy Name ; Entity Name ; Library Name ;
+----------------------------+-------------------+--------------+-------------+--------------+---------+-----------+-----------+------+--------------+---------------------+-------------+--------------+
; |top_level                 ; 0 (0)             ; 0 (0)        ; 0           ; 0            ; 0       ; 0         ; 0         ; 6    ; 0            ; |top_level          ; top_level   ; work         ;
+----------------------------+-------------------+--------------+-------------+--------------+---------+-----------+-----------+------+--------------+---------------------+-------------+--------------+
Note: For table entries with two numbers listed, the numbers in parentheses indicate the number of resources of the given type used by the specific entity alone. The numbers listed outside of parentheses indicate the total resources of the given type used by the specific entity and all of its sub-entities in the hierarchy.


+------------------------------------------------------+
; General Register Statistics                          ;
+----------------------------------------------+-------+
; Statistic                                    ; Value ;
+----------------------------------------------+-------+
; Total registers                              ; 0     ;
; Number of registers using Synchronous Clear  ; 0     ;
; Number of registers using Synchronous Load   ; 0     ;
; Number of registers using Asynchronous Clear ; 0     ;
; Number of registers using Asynchronous Load  ; 0     ;
; Number of registers using Clock Enable       ; 0     ;
; Number of registers using Preset             ; 0     ;
+----------------------------------------------+-------+


+--------------------------------------------------------------------------------------------------------------------------------------------------------------------+
; Multiplexer Restructuring Statistics (Restructuring Performed)                                                                                                     ;
+--------------------+-----------+---------------+----------------------+------------------------+------------+------------------------------------------------------+
; Multiplexer Inputs ; Bus Width ; Baseline Area ; Area if Restructured ; Saving if Restructured ; Registered ; Example Multiplexer Output                           ;
+--------------------+-----------+---------------+----------------------+------------------------+------------+------------------------------------------------------+
; 3:1                ; 5 bits    ; 10 LEs        ; 10 LEs               ; 0 LEs                  ; No         ; |top_level|stop_light_logic:s_l_l|state.green_state1 ;
+--------------------+-----------+---------------+----------------------+------------------------+------------+------------------------------------------------------+


+-----------------------------------------------------+
; Post-Synthesis Netlist Statistics for Top Partition ;
+-----------------------+-----------------------------+
; Type                  ; Count                       ;
+-----------------------+-----------------------------+
; boundary_port         ; 6                           ;
; cycloneiii_lcell_comb ; 2                           ;
;     normal            ; 2                           ;
;         0 data inputs ; 2                           ;
;                       ;                             ;
; Max LUT depth         ; 0.00                        ;
; Average LUT depth     ; 0.00                        ;
+-----------------------+-----------------------------+


+-------------------------------+
; Elapsed Time Per Partition    ;
+----------------+--------------+
; Partition Name ; Elapsed Time ;
+----------------+--------------+
; Top            ; 00:00:00     ;
+----------------+--------------+


+-------------------------------+
; Analysis & Synthesis Messages ;
+-------------------------------+
Info: *******************************************************************
Info: Running Quartus Prime Analysis & Synthesis
    Info: Version 16.0.0 Build 211 04/27/2016 SJ Lite Edition
    Info: Processing started: Sun Mar  7 12:14:58 2021
Info: Command: quartus_map --read_settings_files=on --write_settings_files=off homework3 -c top_level
Warning (20028): Parallel compilation is not licensed and has been disabled
Info (12021): Found 2 design units, including 1 entities, in source file clock_divider.vhd
    Info (12022): Found design unit 1: clock_divider-behav File: /home/student/asb0034/cpe526/homework3/quartus/clock_divider.vhd Line: 12
    Info (12023): Found entity 1: clock_divider File: /home/student/asb0034/cpe526/homework3/quartus/clock_divider.vhd Line: 4
Info (12021): Found 2 design units, including 1 entities, in source file stop_light_logic.vhd
    Info (12022): Found design unit 1: stop_light_logic-behav File: /home/student/asb0034/cpe526/homework3/quartus/stop_light_logic.vhd Line: 17
    Info (12023): Found entity 1: stop_light_logic File: /home/student/asb0034/cpe526/homework3/quartus/stop_light_logic.vhd Line: 4
Info (12021): Found 2 design units, including 1 entities, in source file top_level.vhd
    Info (12022): Found design unit 1: top_level-behav File: /home/student/asb0034/cpe526/homework3/quartus/top_level.vhd Line: 17
    Info (12023): Found entity 1: top_level File: /home/student/asb0034/cpe526/homework3/quartus/top_level.vhd Line: 4
Info (12127): Elaborating entity "top_level" for the top level hierarchy
Info (12128): Elaborating entity "clock_divider" for hierarchy "clock_divider:c_d" File: /home/student/asb0034/cpe526/homework3/quartus/top_level.vhd Line: 41
Warning (10492): VHDL Process Statement warning at clock_divider.vhd(30): signal "temp" is read inside the Process Statement but isn't in the Process Statement's sensitivity list File: /home/student/asb0034/cpe526/homework3/quartus/clock_divider.vhd Line: 30
Info (12128): Elaborating entity "stop_light_logic" for hierarchy "stop_light_logic:s_l_l" File: /home/student/asb0034/cpe526/homework3/quartus/top_level.vhd Line: 47
Warning (10492): VHDL Process Statement warning at stop_light_logic.vhd(26): signal "reset" is read inside the Process Statement but isn't in the Process Statement's sensitivity list File: /home/student/asb0034/cpe526/homework3/quartus/stop_light_logic.vhd Line: 26
Warning (10492): VHDL Process Statement warning at stop_light_logic.vhd(29): signal "start" is read inside the Process Statement but isn't in the Process Statement's sensitivity list File: /home/student/asb0034/cpe526/homework3/quartus/stop_light_logic.vhd Line: 29
Warning (10492): VHDL Process Statement warning at stop_light_logic.vhd(29): signal "state" is read inside the Process Statement but isn't in the Process Statement's sensitivity list File: /home/student/asb0034/cpe526/homework3/quartus/stop_light_logic.vhd Line: 29
Warning (10492): VHDL Process Statement warning at stop_light_logic.vhd(32): signal "state" is read inside the Process Statement but isn't in the Process Statement's sensitivity list File: /home/student/asb0034/cpe526/homework3/quartus/stop_light_logic.vhd Line: 32
Warning (10492): VHDL Process Statement warning at stop_light_logic.vhd(35): signal "state" is read inside the Process Statement but isn't in the Process Statement's sensitivity list File: /home/student/asb0034/cpe526/homework3/quartus/stop_light_logic.vhd Line: 35
Warning (10492): VHDL Process Statement warning at stop_light_logic.vhd(38): signal "state" is read inside the Process Statement but isn't in the Process Statement's sensitivity list File: /home/student/asb0034/cpe526/homework3/quartus/stop_light_logic.vhd Line: 38
Warning (10492): VHDL Process Statement warning at stop_light_logic.vhd(41): signal "state" is read inside the Process Statement but isn't in the Process Statement's sensitivity list File: /home/student/asb0034/cpe526/homework3/quartus/stop_light_logic.vhd Line: 41
Warning (10492): VHDL Process Statement warning at stop_light_logic.vhd(44): signal "state" is read inside the Process Statement but isn't in the Process Statement's sensitivity list File: /home/student/asb0034/cpe526/homework3/quartus/stop_light_logic.vhd Line: 44
Warning (10631): VHDL Process Statement warning at stop_light_logic.vhd(51): inferring latch(es) for signal or variable "red_t", which holds its previous value in one or more paths through the process File: /home/student/asb0034/cpe526/homework3/quartus/stop_light_logic.vhd Line: 51
Warning (10631): VHDL Process Statement warning at stop_light_logic.vhd(51): inferring latch(es) for signal or variable "yellow_t", which holds its previous value in one or more paths through the process File: /home/student/asb0034/cpe526/homework3/quartus/stop_light_logic.vhd Line: 51
Warning (10631): VHDL Process Statement warning at stop_light_logic.vhd(51): inferring latch(es) for signal or variable "green_t", which holds its previous value in one or more paths through the process File: /home/student/asb0034/cpe526/homework3/quartus/stop_light_logic.vhd Line: 51
Info (10041): Inferred latch for "green_t" at stop_light_logic.vhd(51) File: /home/student/asb0034/cpe526/homework3/quartus/stop_light_logic.vhd Line: 51
Info (10041): Inferred latch for "yellow_t" at stop_light_logic.vhd(51) File: /home/student/asb0034/cpe526/homework3/quartus/stop_light_logic.vhd Line: 51
Info (10041): Inferred latch for "red_t" at stop_light_logic.vhd(51) File: /home/student/asb0034/cpe526/homework3/quartus/stop_light_logic.vhd Line: 51
Warning (14025): LATCH primitive "stop_light_logic:s_l_l|red_t" is permanently disabled File: /home/student/asb0034/cpe526/homework3/quartus/stop_light_logic.vhd Line: 51
Warning (13024): Output pins are stuck at VCC or GND
    Warning (13410): Pin "red" is stuck at VCC File: /home/student/asb0034/cpe526/homework3/quartus/top_level.vhd Line: 11
    Warning (13410): Pin "yellow" is stuck at GND File: /home/student/asb0034/cpe526/homework3/quartus/top_level.vhd Line: 12
    Warning (13410): Pin "green" is stuck at GND File: /home/student/asb0034/cpe526/homework3/quartus/top_level.vhd Line: 13
Info (16010): Generating hard_block partition "hard_block:auto_generated_inst"
    Info (16011): Adding 0 node(s), including 0 DDIO, 0 PLL, 0 transceiver and 0 LCELL
Warning (21074): Design contains 3 input pin(s) that do not drive logic
    Warning (15610): No output dependent on input pin "clock" File: /home/student/asb0034/cpe526/homework3/quartus/top_level.vhd Line: 9
    Warning (15610): No output dependent on input pin "start" File: /home/student/asb0034/cpe526/homework3/quartus/top_level.vhd Line: 8
    Warning (15610): No output dependent on input pin "reset" File: /home/student/asb0034/cpe526/homework3/quartus/top_level.vhd Line: 7
Info (21057): Implemented 6 device resources after synthesis - the final resource count might be different
    Info (21058): Implemented 3 input pins
    Info (21059): Implemented 3 output pins
Info: Quartus Prime Analysis & Synthesis was successful. 0 errors, 22 warnings
    Info: Peak virtual memory: 1421 megabytes
    Info: Processing ended: Sun Mar  7 12:15:06 2021
    Info: Elapsed time: 00:00:08
    Info: Total CPU time (on all processors): 00:00:22


