#! /usr/bin/vvp
:ivl_version "10.3 (stable)" "(v10_3)";
:ivl_delay_selection "TYPICAL";
:vpi_time_precision - 1;
:vpi_module "system";
:vpi_module "vhdl_sys";
:vpi_module "v2005_math";
:vpi_module "va_math";
S_0x5582f624f180 .scope module, "mealy_tb" "mealy_tb" 2 4;
 .timescale 0 -1;
v0x5582f6263240_0 .var "A", 0 0;
v0x5582f6263300_0 .var "B", 0 0;
v0x5582f62633d0_0 .net "OUT", 0 0, v0x5582f6262ff0_0;  1 drivers
v0x5582f62634d0_0 .net "STATE", 0 0, v0x5582f62630b0_0;  1 drivers
S_0x5582f624f300 .scope module, "uut" "mealy" 2 8, 3 1 0, S_0x5582f624f180;
 .timescale 0 -1;
    .port_info 0 /INPUT 1 "A"
    .port_info 1 /INPUT 1 "B"
    .port_info 2 /OUTPUT 1 "OUT"
    .port_info 3 /OUTPUT 1 "STATE"
v0x5582f6217090_0 .net "A", 0 0, v0x5582f6263240_0;  1 drivers
v0x5582f6262e60_0 .net "B", 0 0, v0x5582f6263300_0;  1 drivers
v0x5582f6262f20_0 .var "CARRY", 0 0;
v0x5582f6262ff0_0 .var "OUT", 0 0;
v0x5582f62630b0_0 .var "STATE", 0 0;
E_0x5582f624f720 .event edge, v0x5582f6262e60_0, v0x5582f6217090_0;
    .scope S_0x5582f624f300;
T_0 ;
    %pushi/vec4 0, 0, 1;
    %store/vec4 v0x5582f6262f20_0, 0, 1;
    %pushi/vec4 0, 0, 1;
    %store/vec4 v0x5582f62630b0_0, 0, 1;
    %end;
    .thread T_0;
    .scope S_0x5582f624f300;
T_1 ;
    %wait E_0x5582f624f720;
    %load/vec4 v0x5582f6217090_0;
    %pad/u 32;
    %pushi/vec4 1, 0, 32;
    %cmp/e;
    %flag_get/vec4 4;
    %load/vec4 v0x5582f6262e60_0;
    %pad/u 32;
    %pushi/vec4 1, 0, 32;
    %cmp/e;
    %flag_get/vec4 4;
    %and;
    %flag_set/vec4 8;
    %jmp/0xz  T_1.0, 8;
    %load/vec4 v0x5582f6262f20_0;
    %load/vec4 v0x5582f6217090_0;
    %add;
    %load/vec4 v0x5582f6262e60_0;
    %add;
    %store/vec4 v0x5582f6262ff0_0, 0, 1;
    %pushi/vec4 1, 0, 1;
    %store/vec4 v0x5582f6262f20_0, 0, 1;
    %pushi/vec4 1, 0, 1;
    %store/vec4 v0x5582f62630b0_0, 0, 1;
    %jmp T_1.1;
T_1.0 ;
    %load/vec4 v0x5582f6217090_0;
    %pad/u 32;
    %pushi/vec4 0, 0, 32;
    %cmp/e;
    %flag_get/vec4 4;
    %load/vec4 v0x5582f6262e60_0;
    %pad/u 32;
    %pushi/vec4 0, 0, 32;
    %cmp/e;
    %flag_get/vec4 4;
    %and;
    %flag_set/vec4 8;
    %jmp/0xz  T_1.2, 8;
    %load/vec4 v0x5582f6262f20_0;
    %load/vec4 v0x5582f6217090_0;
    %add;
    %load/vec4 v0x5582f6262e60_0;
    %add;
    %store/vec4 v0x5582f6262ff0_0, 0, 1;
    %pushi/vec4 0, 0, 1;
    %store/vec4 v0x5582f6262f20_0, 0, 1;
    %pushi/vec4 0, 0, 1;
    %store/vec4 v0x5582f62630b0_0, 0, 1;
    %jmp T_1.3;
T_1.2 ;
    %load/vec4 v0x5582f6217090_0;
    %load/vec4 v0x5582f6262e60_0;
    %add;
    %load/vec4 v0x5582f6262f20_0;
    %add;
    %store/vec4 v0x5582f6262ff0_0, 0, 1;
T_1.3 ;
T_1.1 ;
    %jmp T_1;
    .thread T_1, $push;
    .scope S_0x5582f624f180;
T_2 ;
    %vpi_call 2 19 "$dumpfile", "dump.vcd" {0 0 0};
    %vpi_call 2 20 "$dumpvars", 32'sb00000000000000000000000000000000, S_0x5582f624f180 {0 0 0};
    %pushi/vec4 0, 0, 1;
    %store/vec4 v0x5582f6263240_0, 0, 1;
    %pushi/vec4 0, 0, 1;
    %store/vec4 v0x5582f6263300_0, 0, 1;
    %delay 10, 0;
    %pushi/vec4 1, 0, 1;
    %store/vec4 v0x5582f6263240_0, 0, 1;
    %pushi/vec4 0, 0, 1;
    %store/vec4 v0x5582f6263300_0, 0, 1;
    %delay 10, 0;
    %pushi/vec4 0, 0, 1;
    %store/vec4 v0x5582f6263240_0, 0, 1;
    %pushi/vec4 1, 0, 1;
    %store/vec4 v0x5582f6263300_0, 0, 1;
    %delay 10, 0;
    %pushi/vec4 1, 0, 1;
    %store/vec4 v0x5582f6263240_0, 0, 1;
    %pushi/vec4 1, 0, 1;
    %store/vec4 v0x5582f6263300_0, 0, 1;
    %delay 10, 0;
    %pushi/vec4 1, 0, 1;
    %store/vec4 v0x5582f6263240_0, 0, 1;
    %pushi/vec4 0, 0, 1;
    %store/vec4 v0x5582f6263300_0, 0, 1;
    %delay 10, 0;
    %pushi/vec4 1, 0, 1;
    %store/vec4 v0x5582f6263240_0, 0, 1;
    %pushi/vec4 1, 0, 1;
    %store/vec4 v0x5582f6263300_0, 0, 1;
    %delay 10, 0;
    %pushi/vec4 0, 0, 1;
    %store/vec4 v0x5582f6263240_0, 0, 1;
    %pushi/vec4 0, 0, 1;
    %store/vec4 v0x5582f6263300_0, 0, 1;
    %delay 10, 0;
    %pushi/vec4 1, 0, 1;
    %store/vec4 v0x5582f6263240_0, 0, 1;
    %pushi/vec4 0, 0, 1;
    %store/vec4 v0x5582f6263300_0, 0, 1;
    %delay 10, 0;
    %pushi/vec4 0, 0, 1;
    %store/vec4 v0x5582f6263240_0, 0, 1;
    %pushi/vec4 0, 0, 1;
    %store/vec4 v0x5582f6263300_0, 0, 1;
    %delay 10, 0;
    %end;
    .thread T_2;
# The file index is used to find the file name in the following table.
:file_names 4;
    "N/A";
    "<interactive>";
    "mealy_tb.v";
    "./mealy.v";
