#! /usr/bin/vvp
:ivl_version "10.3 (stable)" "(v10_3)";
:ivl_delay_selection "TYPICAL";
:vpi_time_precision - 10;
:vpi_module "system";
:vpi_module "vhdl_sys";
:vpi_module "v2005_math";
:vpi_module "va_math";
S_0x5628460f2480 .scope module, "moore_tb" "moore_tb" 2 4;
 .timescale -9 -10;
v0x56284610ab30_0 .var "A", 0 0;
v0x56284610abf0_0 .var "B", 0 0;
v0x56284610acc0_0 .net "OUT", 0 0, v0x56284610a800_0;  1 drivers
v0x56284610adc0_0 .net "STATE", 1 0, v0x56284610a8a0_0;  1 drivers
v0x56284610ae90_0 .var "clk", 0 0;
S_0x5628460f2600 .scope module, "uut" "moore" 2 9, 3 1 0, S_0x5628460f2480;
 .timescale -9 -10;
    .port_info 0 /INPUT 1 "A"
    .port_info 1 /INPUT 1 "B"
    .port_info 2 /OUTPUT 1 "OUT"
    .port_info 3 /OUTPUT 2 "STATE"
    .port_info 4 /INPUT 1 "clk"
P_0x5628460b7090 .param/l "CARRY" 0 3 4, +C4<00000000000000000000000000000000>;
v0x5628460b71b0_0 .net "A", 0 0, v0x56284610ab30_0;  1 drivers
v0x56284610a740_0 .net "B", 0 0, v0x56284610abf0_0;  1 drivers
v0x56284610a800_0 .var "OUT", 0 0;
v0x56284610a8a0_0 .var "STATE", 1 0;
v0x56284610a980_0 .net "clk", 0 0, v0x56284610ae90_0;  1 drivers
E_0x5628460b7b10 .event posedge, v0x56284610a980_0;
    .scope S_0x5628460f2600;
T_0 ;
    %pushi/vec4 0, 0, 2;
    %store/vec4 v0x56284610a8a0_0, 0, 2;
    %end;
    .thread T_0;
    .scope S_0x5628460f2600;
T_1 ;
    %wait E_0x5628460b7b10;
    %load/vec4 v0x56284610a8a0_0;
    %pad/u 32;
    %cmpi/e 0, 0, 32;
    %jmp/0xz  T_1.0, 4;
    %load/vec4 v0x5628460b71b0_0;
    %load/vec4 v0x56284610a740_0;
    %xor;
    %flag_set/vec4 8;
    %jmp/0xz  T_1.2, 8;
    %pushi/vec4 1, 0, 2;
    %store/vec4 v0x56284610a8a0_0, 0, 2;
    %jmp T_1.3;
T_1.2 ;
    %load/vec4 v0x5628460b71b0_0;
    %load/vec4 v0x56284610a740_0;
    %and;
    %flag_set/vec4 8;
    %jmp/0xz  T_1.4, 8;
    %pushi/vec4 2, 0, 2;
    %store/vec4 v0x56284610a8a0_0, 0, 2;
T_1.4 ;
T_1.3 ;
    %jmp T_1.1;
T_1.0 ;
    %load/vec4 v0x56284610a8a0_0;
    %pad/u 32;
    %cmpi/e 1, 0, 32;
    %jmp/0xz  T_1.6, 4;
    %load/vec4 v0x5628460b71b0_0;
    %nor/r;
    %load/vec4 v0x56284610a740_0;
    %nor/r;
    %and;
    %flag_set/vec4 8;
    %jmp/0xz  T_1.8, 8;
    %pushi/vec4 0, 0, 2;
    %store/vec4 v0x56284610a8a0_0, 0, 2;
    %jmp T_1.9;
T_1.8 ;
    %load/vec4 v0x5628460b71b0_0;
    %load/vec4 v0x56284610a740_0;
    %and;
    %flag_set/vec4 8;
    %jmp/0xz  T_1.10, 8;
    %pushi/vec4 2, 0, 2;
    %store/vec4 v0x56284610a8a0_0, 0, 2;
T_1.10 ;
T_1.9 ;
    %jmp T_1.7;
T_1.6 ;
    %load/vec4 v0x56284610a8a0_0;
    %pad/u 32;
    %cmpi/e 2, 0, 32;
    %jmp/0xz  T_1.12, 4;
    %load/vec4 v0x5628460b71b0_0;
    %nor/r;
    %load/vec4 v0x56284610a740_0;
    %nor/r;
    %and;
    %flag_set/vec4 8;
    %jmp/0xz  T_1.14, 8;
    %pushi/vec4 1, 0, 2;
    %store/vec4 v0x56284610a8a0_0, 0, 2;
    %jmp T_1.15;
T_1.14 ;
    %load/vec4 v0x5628460b71b0_0;
    %load/vec4 v0x56284610a740_0;
    %and;
    %flag_set/vec4 8;
    %jmp/0xz  T_1.16, 8;
    %pushi/vec4 3, 0, 2;
    %store/vec4 v0x56284610a8a0_0, 0, 2;
T_1.16 ;
T_1.15 ;
    %jmp T_1.13;
T_1.12 ;
    %load/vec4 v0x56284610a8a0_0;
    %pad/u 32;
    %cmpi/e 3, 0, 32;
    %jmp/0xz  T_1.18, 4;
    %load/vec4 v0x5628460b71b0_0;
    %nor/r;
    %load/vec4 v0x56284610a740_0;
    %nor/r;
    %and;
    %flag_set/vec4 8;
    %jmp/0xz  T_1.20, 8;
    %pushi/vec4 1, 0, 2;
    %store/vec4 v0x56284610a8a0_0, 0, 2;
T_1.20 ;
    %load/vec4 v0x5628460b71b0_0;
    %load/vec4 v0x56284610a740_0;
    %xor;
    %flag_set/vec4 8;
    %jmp/0xz  T_1.22, 8;
    %pushi/vec4 2, 0, 2;
    %store/vec4 v0x56284610a8a0_0, 0, 2;
T_1.22 ;
T_1.18 ;
T_1.13 ;
T_1.7 ;
T_1.1 ;
    %load/vec4 v0x56284610a8a0_0;
    %pad/u 32;
    %cmpi/e 0, 0, 32;
    %jmp/0xz  T_1.24, 4;
    %pushi/vec4 0, 0, 1;
    %store/vec4 v0x56284610a800_0, 0, 1;
    %jmp T_1.25;
T_1.24 ;
    %load/vec4 v0x56284610a8a0_0;
    %pad/u 32;
    %cmpi/e 1, 0, 32;
    %jmp/0xz  T_1.26, 4;
    %pushi/vec4 1, 0, 1;
    %store/vec4 v0x56284610a800_0, 0, 1;
    %jmp T_1.27;
T_1.26 ;
    %load/vec4 v0x56284610a8a0_0;
    %pad/u 32;
    %cmpi/e 2, 0, 32;
    %jmp/0xz  T_1.28, 4;
    %pushi/vec4 0, 0, 1;
    %store/vec4 v0x56284610a800_0, 0, 1;
    %jmp T_1.29;
T_1.28 ;
    %load/vec4 v0x56284610a8a0_0;
    %pad/u 32;
    %cmpi/e 3, 0, 32;
    %jmp/0xz  T_1.30, 4;
    %pushi/vec4 1, 0, 1;
    %store/vec4 v0x56284610a800_0, 0, 1;
T_1.30 ;
T_1.29 ;
T_1.27 ;
T_1.25 ;
    %jmp T_1;
    .thread T_1;
    .scope S_0x5628460f2480;
T_2 ;
    %pushi/vec4 0, 0, 1;
    %store/vec4 v0x56284610ae90_0, 0, 1;
    %end;
    .thread T_2;
    .scope S_0x5628460f2480;
T_3 ;
    %vpi_call 2 21 "$dumpfile", "dump.vcd" {0 0 0};
    %vpi_call 2 22 "$dumpvars", 32'sb00000000000000000000000000000000, S_0x5628460f2480 {0 0 0};
    %pushi/vec4 0, 0, 1;
    %store/vec4 v0x56284610ab30_0, 0, 1;
    %pushi/vec4 0, 0, 1;
    %store/vec4 v0x56284610abf0_0, 0, 1;
    %delay 100, 0;
    %pushi/vec4 0, 0, 1;
    %store/vec4 v0x56284610ab30_0, 0, 1;
    %pushi/vec4 1, 0, 1;
    %store/vec4 v0x56284610abf0_0, 0, 1;
    %delay 100, 0;
    %pushi/vec4 1, 0, 1;
    %store/vec4 v0x56284610ab30_0, 0, 1;
    %pushi/vec4 0, 0, 1;
    %store/vec4 v0x56284610abf0_0, 0, 1;
    %delay 100, 0;
    %pushi/vec4 0, 0, 1;
    %store/vec4 v0x56284610ab30_0, 0, 1;
    %pushi/vec4 0, 0, 1;
    %store/vec4 v0x56284610abf0_0, 0, 1;
    %delay 100, 0;
    %pushi/vec4 1, 0, 1;
    %store/vec4 v0x56284610ab30_0, 0, 1;
    %pushi/vec4 1, 0, 1;
    %store/vec4 v0x56284610abf0_0, 0, 1;
    %delay 100, 0;
    %pushi/vec4 0, 0, 1;
    %store/vec4 v0x56284610ab30_0, 0, 1;
    %pushi/vec4 1, 0, 1;
    %store/vec4 v0x56284610abf0_0, 0, 1;
    %delay 100, 0;
    %pushi/vec4 0, 0, 1;
    %store/vec4 v0x56284610ab30_0, 0, 1;
    %pushi/vec4 0, 0, 1;
    %store/vec4 v0x56284610abf0_0, 0, 1;
    %delay 100, 0;
    %pushi/vec4 1, 0, 1;
    %store/vec4 v0x56284610ab30_0, 0, 1;
    %pushi/vec4 1, 0, 1;
    %store/vec4 v0x56284610abf0_0, 0, 1;
    %delay 100, 0;
    %pushi/vec4 1, 0, 1;
    %store/vec4 v0x56284610ab30_0, 0, 1;
    %pushi/vec4 1, 0, 1;
    %store/vec4 v0x56284610abf0_0, 0, 1;
    %delay 100, 0;
    %pushi/vec4 1, 0, 1;
    %store/vec4 v0x56284610ab30_0, 0, 1;
    %pushi/vec4 1, 0, 1;
    %store/vec4 v0x56284610abf0_0, 0, 1;
    %delay 100, 0;
    %pushi/vec4 1, 0, 1;
    %store/vec4 v0x56284610ab30_0, 0, 1;
    %pushi/vec4 0, 0, 1;
    %store/vec4 v0x56284610abf0_0, 0, 1;
    %delay 100, 0;
    %pushi/vec4 1, 0, 1;
    %store/vec4 v0x56284610ab30_0, 0, 1;
    %pushi/vec4 1, 0, 1;
    %store/vec4 v0x56284610abf0_0, 0, 1;
    %delay 100, 0;
    %pushi/vec4 0, 0, 1;
    %store/vec4 v0x56284610ab30_0, 0, 1;
    %pushi/vec4 0, 0, 1;
    %store/vec4 v0x56284610abf0_0, 0, 1;
    %delay 100, 0;
    %end;
    .thread T_3;
    .scope S_0x5628460f2480;
T_4 ;
    %delay 50, 0;
    %load/vec4 v0x56284610ae90_0;
    %nor/r;
    %store/vec4 v0x56284610ae90_0, 0, 1;
    %jmp T_4;
    .thread T_4;
    .scope S_0x5628460f2480;
T_5 ;
    %delay 1500, 0;
    %vpi_call 2 81 "$finish" {0 0 0};
    %end;
    .thread T_5;
# The file index is used to find the file name in the following table.
:file_names 4;
    "N/A";
    "<interactive>";
    "moore_tb.v";
    "./moore.v";
